<?xml version="1.0" encoding="UTF-8"?>
<!-- Generated by org.testng.reporters.JUnitXMLReporter -->
<testsuite hostname="DESKTOP-BI6QJ3M" ignored="0" name="Test on Chrome" tests="5" failures="0" timestamp="06 Jun 2017 16:28:38 GMT" time="118.34" errors="0">
  <testcase name="TC_01_create_an_account_and_login" time="9.185" classname="testcases_cloud.Travels_Bookings_cloud"/>
  <testcase name="TC_02_the_Wishlist_tab_after_logging" time="5.637" classname="testcases_cloud.Travels_Bookings_cloud"/>
  <testcase name="TC_03_User_books_Tour" time="31.271" classname="testcases_cloud.Travels_Bookings_cloud"/>
  <testcase name="TC_04_User_contacts_a_Offer" time="16.648" classname="testcases_cloud.Travels_Bookings_cloud"/>
  <testcase name="TC_05_User_adds_a_tour_to_Wishlist_successful" time="13.257" classname="testcases_cloud.Travels_Bookings_cloud"/>
</testsuite> <!-- Test on Chrome -->
